This is pdfTeX, Version 3.14159265-2.6-1.40.19 (MiKTeX 2.9.6840 64-bit) (preloaded format=pdflatex 2018.11.8)  25 JUN 2019 17:08
entering extended mode
**./voorblad.tex
(voorblad.tex
LaTeX2e <2018-04-01> patch level 5
("C:\Program Files\MiKTeX 2.9\tex\latex\exam\exam.cls"
Document Class: exam 2017/12/17 Version 2.603 by Philip Hirschhorn
("C:\Program Files\MiKTeX 2.9\tex\latex\base\ifthen.sty"
Package: ifthen 2014/09/29 v1.1c Standard LaTeX ifthen package (DPC)
)
("C:\Program Files\MiKTeX 2.9\tex\latex\base\article.cls"
Document Class: article 2014/09/29 v1.4h Standard LaTeX document class
("C:\Program Files\MiKTeX 2.9\tex\latex\base\size10.clo"
File: size10.clo 2014/09/29 v1.4h Standard LaTeX file (size option)
)
\c@part=\count80
\c@section=\count81
\c@subsection=\count82
\c@subsubsection=\count83
\c@paragraph=\count84
\c@subparagraph=\count85
\c@figure=\count86
\c@table=\count87
\abovecaptionskip=\skip41
\belowcaptionskip=\skip42
\bibindent=\dimen102
)
\@extrawidth=\skip43
\@rightmargin=\skip44
\@extrahead=\skip45
\@extrafoot=\skip46
\run@exhd=\skip47
\fp@exhd=\skip48
\run@exft=\skip49
\fp@exft=\skip50
\covrun@exhd=\skip51
\covfp@exhd=\skip52
\covrun@exft=\skip53
\covfp@exft=\skip54
\c@num@coverpages=\count88
\c@latest@ques=\count89
\c@ques@end=\count90
\c@last@object=\count91
\c@incmp@ques=\count92
\c@next@ques=\count93
\c@next@page=\count94
\c@tmp@hlfcntr=\count95
\c@ifpos@cntr=\count96
\c@question=\count97
\c@partno=\count98
\c@subpart=\count99
\c@subsubpart=\count100
\c@choice=\count101
\c@numpoints=\count102
\c@numbonuspoints=\count103
\c@pointsof@thisquestion=\count104
\c@bonuspointsof@thisquestion=\count105
\c@numquestions=\count106
\c@numparts=\count107
\c@numsubparts=\count108
\c@numsubsubparts=\count109
\c@Curr@Page=\count110
\c@@pagepoints=\count111
\c@@pagebonuspoints=\count112
\c@pageof@pagepoints=\count113
\c@pageof@pagebonuspoints=\count114
\c@latest@points=\count115
\c@latest@bonuspoints=\count116
\pageinfo@commands=\toks14
\temp@toks=\toks15
\pagepoint@commands=\toks16
\point@toks=\toks17
\c@ques@object=\count117
\marginpointssep=\skip55
\rightpointsmargin=\skip56
\choice@toks=\toks18
\answerlinelength=\skip57
\answerskip=\skip58
\answerclearance=\skip59
\fillinlinelength=\skip60
\linefillheight=\skip61
\linefillthickness=\skip62
\dottedlinefillheight=\skip63
\gridsize=\skip64
\gridlinewidth=\skip65
\minboxheight=\skip66
\c@@iterator=\count118
\@cellwidth=\skip67
\c@tbl@points=\count119
\c@tbl@bonuspoints=\count120
\c@pq@index=\count121
\c@pq@index@pts=\count122
\c@pq@index@bpts=\count123
\c@num@cols=\count124
\c@num@rows=\count125
\c@current@row=\count126
\c@cols@done=\count127
\exam@box=\box26
\saved@totalleftmargin=\dimen103
\@sollistdepth=\count128
\exam@FrameRule=\dimen104
\exam@FrameSep=\dimen105
)
("C:\Program Files\MiKTeX 2.9\tex\latex\base\inputenc.sty"
Package: inputenc 2018/04/06 v1.3b Input encoding file
\inpenc@prehook=\toks19
\inpenc@posthook=\toks20
)
("C:\Program Files\MiKTeX 2.9\tex\latex\graphics\graphicx.sty"
Package: graphicx 2017/06/01 v1.1a Enhanced LaTeX Graphics (DPC,SPQR)

("C:\Program Files\MiKTeX 2.9\tex\latex\graphics\keyval.sty"
Package: keyval 2014/10/28 v1.15 key=value parser (DPC)
\KV@toks@=\toks21
)
("C:\Program Files\MiKTeX 2.9\tex\latex\graphics\graphics.sty"
Package: graphics 2017/06/25 v1.2c Standard LaTeX Graphics (DPC,SPQR)

("C:\Program Files\MiKTeX 2.9\tex\latex\graphics\trig.sty"
Package: trig 2016/01/03 v1.10 sin cos tan (DPC)
)
("C:\Program Files\MiKTeX 2.9\tex\latex\graphics-cfg\graphics.cfg"
File: graphics.cfg 2016/06/04 v1.11 sample graphics configuration
)
Package graphics Info: Driver file: pdftex.def on input line 99.

("C:\Program Files\MiKTeX 2.9\tex\latex\graphics-def\pdftex.def"
File: pdftex.def 2018/01/08 v1.0l Graphics/color driver for pdftex
))
\Gin@req@height=\dimen106
\Gin@req@width=\dimen107
)
("C:\Program Files\MiKTeX 2.9\tex\latex\dblfloatfix\dblfloatfix.sty"
Package: dblfloatfix 2012/12/31 v1.0a (JAW)

("C:\Program Files\MiKTeX 2.9\tex\latex\base\fixltx2e.sty"
Package: fixltx2e 2016/12/29 v2.1a fixes to LaTeX (obsolete)
Applying: [2015/01/01] Old fixltx2e package on input line 46.


Package fixltx2e Warning: fixltx2e is not required with releases after 2015
(fixltx2e)                All fixes are now in the LaTeX kernel.
(fixltx2e)                See the latexrelease package for details.

Already applied: [0000/00/00] Old fixltx2e package on input line 53.
)
\@dblbotnum=\count129
\c@dblbotnumber=\count130
) ("C:\Program Files\MiKTeX 2.9\tex\latex\graphics\color.sty"
Package: color 2016/07/10 v1.1e Standard LaTeX Color (DPC)

("C:\Program Files\MiKTeX 2.9\tex\latex\graphics-cfg\color.cfg"
File: color.cfg 2016/01/02 v1.6 sample color configuration
)
Package color Info: Driver file: pdftex.def on input line 147.
) (voorblad.aux

LaTeX Warning: Label `question@1' multiply defined.


LaTeX Warning: Label `question@2' multiply defined.


LaTeX Warning: Label `question@3' multiply defined.


LaTeX Warning: Label `question@4' multiply defined.


LaTeX Warning: Label `question@5' multiply defined.


LaTeX Warning: Label `question@6' multiply defined.


LaTeX Warning: Label `question@7' multiply defined.


LaTeX Warning: Label `question@8' multiply defined.


LaTeX Warning: Label `question@9' multiply defined.


LaTeX Warning: Label `question@10' multiply defined.


LaTeX Warning: Label `question@1' multiply defined.


LaTeX Warning: Label `question@2' multiply defined.


LaTeX Warning: Label `question@3' multiply defined.


LaTeX Warning: Label `question@4' multiply defined.


LaTeX Warning: Label `question@5' multiply defined.


LaTeX Warning: Label `question@6' multiply defined.


LaTeX Warning: Label `question@7' multiply defined.


LaTeX Warning: Label `question@8' multiply defined.


LaTeX Warning: Label `question@9' multiply defined.


LaTeX Warning: Label `question@10' multiply defined.


LaTeX Warning: Label `question@1' multiply defined.


LaTeX Warning: Label `question@2' multiply defined.


LaTeX Warning: Label `question@3' multiply defined.


LaTeX Warning: Label `question@4' multiply defined.


LaTeX Warning: Label `question@5' multiply defined.


LaTeX Warning: Label `question@6' multiply defined.


LaTeX Warning: Label `question@7' multiply defined.


LaTeX Warning: Label `question@8' multiply defined.


LaTeX Warning: Label `question@9' multiply defined.


LaTeX Warning: Label `question@10' multiply defined.


LaTeX Warning: Label `question@1' multiply defined.


LaTeX Warning: Label `question@2' multiply defined.


LaTeX Warning: Label `question@3' multiply defined.


LaTeX Warning: Label `question@4' multiply defined.


LaTeX Warning: Label `question@5' multiply defined.


LaTeX Warning: Label `question@6' multiply defined.


LaTeX Warning: Label `question@7' multiply defined.


LaTeX Warning: Label `question@8' multiply defined.


LaTeX Warning: Label `question@9' multiply defined.


LaTeX Warning: Label `question@10' multiply defined.


LaTeX Warning: Label `question@1' multiply defined.


LaTeX Warning: Label `question@2' multiply defined.


LaTeX Warning: Label `question@3' multiply defined.


LaTeX Warning: Label `question@4' multiply defined.


LaTeX Warning: Label `question@5' multiply defined.


LaTeX Warning: Label `question@6' multiply defined.


LaTeX Warning: Label `question@7' multiply defined.


LaTeX Warning: Label `question@8' multiply defined.


LaTeX Warning: Label `question@9' multiply defined.


LaTeX Warning: Label `question@10' multiply defined.


LaTeX Warning: Label `question@1' multiply defined.


LaTeX Warning: Label `question@2' multiply defined.


LaTeX Warning: Label `question@3' multiply defined.


LaTeX Warning: Label `question@4' multiply defined.


LaTeX Warning: Label `question@5' multiply defined.


LaTeX Warning: Label `question@6' multiply defined.


LaTeX Warning: Label `question@7' multiply defined.


LaTeX Warning: Label `question@8' multiply defined.


LaTeX Warning: Label `question@9' multiply defined.


LaTeX Warning: Label `question@10' multiply defined.


LaTeX Warning: Label `question@1' multiply defined.


LaTeX Warning: Label `question@2' multiply defined.


LaTeX Warning: Label `question@3' multiply defined.


LaTeX Warning: Label `question@4' multiply defined.


LaTeX Warning: Label `question@5' multiply defined.


LaTeX Warning: Label `question@6' multiply defined.


LaTeX Warning: Label `question@7' multiply defined.


LaTeX Warning: Label `question@8' multiply defined.


LaTeX Warning: Label `question@9' multiply defined.


LaTeX Warning: Label `question@10' multiply defined.

)
\openout1 = `voorblad.aux'.

LaTeX Font Info:    Checking defaults for OML/cmm/m/it on input line 29.
LaTeX Font Info:    ... okay on input line 29.
LaTeX Font Info:    Checking defaults for T1/cmr/m/n on input line 29.
LaTeX Font Info:    ... okay on input line 29.
LaTeX Font Info:    Checking defaults for OT1/cmr/m/n on input line 29.
LaTeX Font Info:    ... okay on input line 29.
LaTeX Font Info:    Checking defaults for OMS/cmsy/m/n on input line 29.
LaTeX Font Info:    ... okay on input line 29.
LaTeX Font Info:    Checking defaults for OMX/cmex/m/n on input line 29.
LaTeX Font Info:    ... okay on input line 29.
LaTeX Font Info:    Checking defaults for U/cmr/m/n on input line 29.
LaTeX Font Info:    ... okay on input line 29.
 ("C:\Program Files\MiKTeX 2.9\tex\context\base\supp-pdf.mkii"
[Loading MPS to PDF converter (version 2006.09.02).]
\scratchcounter=\count131
\scratchdimen=\dimen108
\scratchbox=\box27
\nofMPsegments=\count132
\nofMParguments=\count133
\everyMPshowfont=\toks22
\MPscratchCnt=\count134
\MPscratchDim=\dimen109
\MPnumerator=\count135
\makeMPintoPDFobject=\count136
\everyMPtoPDFconversion=\toks23
) ("C:\Program Files\MiKTeX 2.9\tex\latex\oberdiek\epstopdf-base.sty"
Package: epstopdf-base 2016/05/15 v2.6 Base part for package epstopdf

("C:\Program Files\MiKTeX 2.9\tex\generic\oberdiek\infwarerr.sty"
Package: infwarerr 2016/05/16 v1.4 Providing info/warning/error messages (HO)
)
("C:\Program Files\MiKTeX 2.9\tex\latex\oberdiek\grfext.sty"
Package: grfext 2016/05/16 v1.2 Manage graphics extensions (HO)

("C:\Program Files\MiKTeX 2.9\tex\generic\oberdiek\kvdefinekeys.sty"
Package: kvdefinekeys 2016/05/16 v1.4 Define keys (HO)

("C:\Program Files\MiKTeX 2.9\tex\generic\oberdiek\ltxcmds.sty"
Package: ltxcmds 2016/05/16 v1.23 LaTeX kernel commands for general use (HO)
)))
("C:\Program Files\MiKTeX 2.9\tex\latex\oberdiek\kvoptions.sty"
Package: kvoptions 2016/05/16 v3.12 Key value format for package options (HO)

("C:\Program Files\MiKTeX 2.9\tex\generic\oberdiek\kvsetkeys.sty"
Package: kvsetkeys 2016/05/16 v1.17 Key value parser (HO)

("C:\Program Files\MiKTeX 2.9\tex\generic\oberdiek\etexcmds.sty"
Package: etexcmds 2016/05/16 v1.6 Avoid name clashes with e-TeX commands (HO)

("C:\Program Files\MiKTeX 2.9\tex\generic\oberdiek\ifluatex.sty"
Package: ifluatex 2016/05/16 v1.4 Provides the ifluatex switch (HO)
Package ifluatex Info: LuaTeX not detected.
)
Package etexcmds Info: Could not find \expanded.
(etexcmds)             That can mean that you are not using pdfTeX 1.50 or
(etexcmds)             that some package has redefined \expanded.
(etexcmds)             In the latter case, load this package earlier.
)))
("C:\Program Files\MiKTeX 2.9\tex\generic\oberdiek\pdftexcmds.sty"
Package: pdftexcmds 2018/09/10 v0.29 Utility functions of pdfTeX for LuaTeX (HO
)

("C:\Program Files\MiKTeX 2.9\tex\generic\oberdiek\ifpdf.sty"
Package: ifpdf 2018/09/07 v3.3 Provides the ifpdf switch
)
Package pdftexcmds Info: LuaTeX not detected.
Package pdftexcmds Info: \pdf@primitive is available.
Package pdftexcmds Info: \pdf@ifprimitive is available.
Package pdftexcmds Info: \pdfdraftmode found.
)
Package epstopdf-base Info: Redefining graphics rule for `.eps' on input line 4
38.
Package grfext Info: Graphics extension search list:
(grfext)             [.pdf,.png,.jpg,.mps,.jpeg,.jbig2,.jb2,.PDF,.PNG,.JPG,.JPE
G,.JBIG2,.JB2,.eps]
(grfext)             \AppendGraphicsExtensions on input line 456.
)
<astrid.png, id=1, 1706.375pt x 2047.65pt>
File: astrid.png Graphic file (type png)
<use astrid.png>
Package pdftex.def Info: astrid.png  used on input line 33.
(pdftex.def)             Requested size: 136.51279pt x 163.81534pt.
LaTeX Font Info:    External font `cmex10' loaded for size
(Font)              <7> on input line 52.
LaTeX Font Info:    External font `cmex10' loaded for size
(Font)              <5> on input line 52.
 [1
color push 0 g 0 G
color pop

color push 0 g 0 G
color pop
{C:/Users/seven/AppData/Local/MiKTeX/2.9/pdftex/config/pdftex.map}
color push 0 g 0 G
color pop
color push 0 g 0 G
color pop
color push 0 g 0 G
color pop
color push 0 g 0 G
color pop
color push 0 g 0 G
color pop
 <./astrid.png>]
(ronde1.tex
File: astrid.png Graphic file (type png)
<use astrid.png>
Package pdftex.def Info: astrid.png  used on input line 39.
(pdftex.def)             Requested size: 17.05432pt x 20.4652pt.
 [1
color push 0 g 0 G
color push 0 g 0 G
color pop
color pop
color push 0 g 0 G
color pop
color push 0 g 0 G
color pop
color push 0 g 0 G
color pop
color push 0 g 0 G
color pop
color push 0 g 0 G
color pop
color push 0 g 0 G
color pop
color push 0 g 0 G
color pop
color push 0 g 0 G
color pop
color push 0 g 0 G
color pop
color push 0 g 0 G
color pop
color push 0 g 0 G
color pop
color push 0 g 0 G
color pop
]) (ronde2.tex
File: astrid.png Graphic file (type png)
<use astrid.png>
Package pdftex.def Info: astrid.png  used on input line 35.
(pdftex.def)             Requested size: 17.05432pt x 20.4652pt.
 [2
color push 0 g 0 G
color push 0 g 0 G
color pop
color pop
color push 0 g 0 G
color pop
color push 0 g 0 G
color pop
color push 0 g 0 G
color pop
color push 0 g 0 G
color pop
color push 0 g 0 G
color pop
color push 0 g 0 G
color pop
color push 0 g 0 G
color pop
color push 0 g 0 G
color pop
color push 0 g 0 G
color pop
color push 0 g 0 G
color pop
color push 0 g 0 G
color pop
color push 0 g 0 G
color pop
]) (ronde3.tex
File: astrid.png Graphic file (type png)
<use astrid.png>
Package pdftex.def Info: astrid.png  used on input line 35.
(pdftex.def)             Requested size: 17.05432pt x 20.4652pt.
 [3
color push 0 g 0 G
color push 0 g 0 G
color pop
color pop
color push 0 g 0 G
color pop
color push 0 g 0 G
color pop
color push 0 g 0 G
color pop
color push 0 g 0 G
color pop
color push 0 g 0 G
color pop
color push 0 g 0 G
color pop
color push 0 g 0 G
color pop
color push 0 g 0 G
color pop
color push 0 g 0 G
color pop
color push 0 g 0 G
color pop
color push 0 g 0 G
color pop
color push 0 g 0 G
color pop
]) (ronde4.tex
File: astrid.png Graphic file (type png)
<use astrid.png>
Package pdftex.def Info: astrid.png  used on input line 35.
(pdftex.def)             Requested size: 17.05432pt x 20.4652pt.
 [4
color push 0 g 0 G
color push 0 g 0 G
color pop
color pop
color push 0 g 0 G
color pop
color push 0 g 0 G
color pop
color push 0 g 0 G
color pop
color push 0 g 0 G
color pop
color push 0 g 0 G
color pop
color push 0 g 0 G
color pop
color push 0 g 0 G
color pop
color push 0 g 0 G
color pop
color push 0 g 0 G
color pop
color push 0 g 0 G
color pop
color push 0 g 0 G
color pop
color push 0 g 0 G
color pop
]) (ronde5.tex
File: astrid.png Graphic file (type png)
<use astrid.png>
Package pdftex.def Info: astrid.png  used on input line 35.
(pdftex.def)             Requested size: 17.05432pt x 20.4652pt.
[5
color push 0 g 0 G
color push 0 g 0 G
color pop
color pop
color push 0 g 0 G
color pop
color push 0 g 0 G
color pop
color push 0 g 0 G
color pop
color push 0 g 0 G
color pop
color push 0 g 0 G
color pop
color push 0 g 0 G
color pop
color push 0 g 0 G
color pop
color push 0 g 0 G
color pop
color push 0 g 0 G
color pop
color push 0 g 0 G
color pop
color push 0 g 0 G
color pop
color push 0 g 0 G
color pop
]) (ronde6.tex
File: astrid.png Graphic file (type png)
<use astrid.png>
Package pdftex.def Info: astrid.png  used on input line 35.
(pdftex.def)             Requested size: 17.05432pt x 20.4652pt.
 [6
color push 0 g 0 G
color push 0 g 0 G
color pop
color pop
color push 0 g 0 G
color pop
color push 0 g 0 G
color pop
color push 0 g 0 G
color pop
color push 0 g 0 G
color pop
color push 0 g 0 G
color pop
color push 0 g 0 G
color pop
color push 0 g 0 G
color pop
color push 0 g 0 G
color pop
color push 0 g 0 G
color pop
color push 0 g 0 G
color pop
color push 0 g 0 G
color pop
color push 0 g 0 G
color pop
]) (ronde7.tex
File: astrid.png Graphic file (type png)
<use astrid.png>
Package pdftex.def Info: astrid.png  used on input line 35.
(pdftex.def)             Requested size: 17.05432pt x 20.4652pt.
 [7
color push 0 g 0 G
color push 0 g 0 G
color pop
color pop
color push 0 g 0 G
color pop
color push 0 g 0 G
color pop
color push 0 g 0 G
color pop
color push 0 g 0 G
color pop
color push 0 g 0 G
color pop
color push 0 g 0 G
color pop
color push 0 g 0 G
color pop
color push 0 g 0 G
color pop
color push 0 g 0 G
color pop
color push 0 g 0 G
color pop
color push 0 g 0 G
color pop
color push 0 g 0 G
color pop
]) (ronde8.tex
File: astrid.png Graphic file (type png)
<use astrid.png>
Package pdftex.def Info: astrid.png  used on input line 37.
(pdftex.def)             Requested size: 17.05432pt x 20.4652pt.
 [8
color push 0 g 0 G
color push 0 g 0 G
color pop
color pop
color push 0 g 0 G
color pop
color push 0 g 0 G
color pop
color push 0 g 0 G
color pop
color push 0 g 0 G
color pop
color push 0 g 0 G
color pop
color push 0 g 0 G
color pop
color push 0 g 0 G
color pop
color push 0 g 0 G
color pop
color push 0 g 0 G
color pop
color push 0 g 0 G
color pop
color push 0 g 0 G
color pop
color push 0 g 0 G
color pop
])
This exam contains 80 questions with 0 parts, 0 subparts, and 0 subsubparts.
(voorblad.aux)

LaTeX Warning: There were multiply-defined labels.

 ) 
Here is how much of TeX's memory you used:
 2646 strings out of 492970
 38441 string characters out of 3135855
 116491 words of memory out of 3000000
 6492 multiletter control sequences out of 15000+200000
 5448 words of font info for 20 fonts, out of 3000000 for 9000
 1141 hyphenation exceptions out of 8191
 41i,15n,25p,277b,285s stack positions out of 5000i,500n,10000p,200000b,50000s
<C:/Program Files/MiKTeX 2.9/fonts/type1/public/amsfonts/cm/cmbx12.pfb><C:/Pr
ogram Files/MiKTeX 2.9/fonts/type1/public/amsfonts/cm/cmr10.pfb><C:/Program Fil
es/MiKTeX 2.9/fonts/type1/public/amsfonts/cm/cmr12.pfb><C:/Program Files/MiKTeX
 2.9/fonts/type1/public/amsfonts/cm/cmr17.pfb>
Output written on voorblad.pdf (9 pages, 314025 bytes).
PDF statistics:
 51 PDF objects out of 1000 (max. 8388607)
 0 named destinations out of 1000 (max. 500000)
 6 words of extra memory for PDF output out of 10000 (max. 10000000)

